Determining if the pthread_create exist failed with the following output:
Change Dir: /home/amsl/AMSL_ros_pkg/trajectory_generation/CMakeFiles/CMakeTmp

Run Build Command:/usr/bin/make "cmTryCompileExec2758256812/fast"
/usr/bin/make -f CMakeFiles/cmTryCompileExec2758256812.dir/build.make CMakeFiles/cmTryCompileExec2758256812.dir/build
make[1]: Entering directory `/home/amsl/AMSL_ros_pkg/trajectory_generation/CMakeFiles/CMakeTmp'
/usr/bin/cmake -E cmake_progress_report /home/amsl/AMSL_ros_pkg/trajectory_generation/CMakeFiles/CMakeTmp/CMakeFiles 1
Building C object CMakeFiles/cmTryCompileExec2758256812.dir/CheckSymbolExists.c.o
/usr/bin/cc    -o CMakeFiles/cmTryCompileExec2758256812.dir/CheckSymbolExists.c.o   -c /home/amsl/AMSL_ros_pkg/trajectory_generation/CMakeFiles/CMakeTmp/CheckSymbolExists.c
Linking C executable cmTryCompileExec2758256812
/usr/bin/cmake -E cmake_link_script CMakeFiles/cmTryCompileExec2758256812.dir/link.txt --verbose=1
/usr/bin/cc       CMakeFiles/cmTryCompileExec2758256812.dir/CheckSymbolExists.c.o  -o cmTryCompileExec2758256812 -rdynamic 
CMakeFiles/cmTryCompileExec2758256812.dir/CheckSymbolExists.c.o: In function `main':
CheckSymbolExists.c:(.text+0xe): undefined reference to `pthread_create'
CheckSymbolExists.c:(.text+0x12): undefined reference to `pthread_create'
make[1]: Leaving directory `/home/amsl/AMSL_ros_pkg/trajectory_generation/CMakeFiles/CMakeTmp'
collect2: error: ld returned 1 exit status
make[1]: *** [cmTryCompileExec2758256812] Error 1
make: *** [cmTryCompileExec2758256812/fast] Error 2

File /home/amsl/AMSL_ros_pkg/trajectory_generation/CMakeFiles/CMakeTmp/CheckSymbolExists.c:
/* */
#include <pthread.h>

int main(int argc, char** argv)
{
  (void)argv;
#ifndef pthread_create
  return ((int*)(&pthread_create))[argc];
#else
  (void)argc;
  return 0;
#endif
}

Determining if the function pthread_create exists in the pthreads failed with the following output:
Change Dir: /home/amsl/AMSL_ros_pkg/trajectory_generation/CMakeFiles/CMakeTmp

Run Build Command:/usr/bin/make "cmTryCompileExec2248914836/fast"
/usr/bin/make -f CMakeFiles/cmTryCompileExec2248914836.dir/build.make CMakeFiles/cmTryCompileExec2248914836.dir/build
make[1]: Entering directory `/home/amsl/AMSL_ros_pkg/trajectory_generation/CMakeFiles/CMakeTmp'
/usr/bin/cmake -E cmake_progress_report /home/amsl/AMSL_ros_pkg/trajectory_generation/CMakeFiles/CMakeTmp/CMakeFiles 1
Building C object CMakeFiles/cmTryCompileExec2248914836.dir/CheckFunctionExists.c.o
/usr/bin/cc   -DCHECK_FUNCTION_EXISTS=pthread_create   -o CMakeFiles/cmTryCompileExec2248914836.dir/CheckFunctionExists.c.o   -c /usr/share/cmake-2.8/Modules/CheckFunctionExists.c
Linking C executable cmTryCompileExec2248914836
/usr/bin/cmake -E cmake_link_script CMakeFiles/cmTryCompileExec2248914836.dir/link.txt --verbose=1
/usr/bin/cc   -DCHECK_FUNCTION_EXISTS=pthread_create    CMakeFiles/cmTryCompileExec2248914836.dir/CheckFunctionExists.c.o  -o cmTryCompileExec2248914836 -rdynamic -lpthreads 
/usr/bin/ld: cannot find -lpthreads
collect2: error: ld returned 1 exit status
make[1]: Leaving directory `/home/amsl/AMSL_ros_pkg/trajectory_generation/CMakeFiles/CMakeTmp'
make[1]: *** [cmTryCompileExec2248914836] Error 1
make: *** [cmTryCompileExec2248914836/fast] Error 2


